0 info it worked if it ends with ok
1 verbose cli [ 'node',
1 verbose cli   '/usr/local/bin/npm',
1 verbose cli   'install',
1 verbose cli   'browserify',
1 verbose cli   'lib/validator.js',
1 verbose cli   '-o',
1 verbose cli   'public/js/ttl.js' ]
2 info using npm@2.12.1
3 info using node@v0.12.6
4 verbose node symlink /usr/local/bin/node
5 verbose install initial load of /Users/brayden/Documents/web_code/convert/package.json
6 verbose installManyTop reading scoped package data from /Users/brayden/Documents/web_code/convert/node_modules/n3/package.json
7 verbose installManyTop reading scoped package data from /Users/brayden/Documents/web_code/convert/node_modules/turtle-validator/package.json
8 verbose readDependencies loading dependencies from /Users/brayden/Documents/web_code/convert/package.json
9 silly cache add args [ 'browserify', null ]
10 verbose cache add spec browserify
11 silly cache add args [ 'lib/validator.js', null ]
12 verbose cache add spec lib/validator.js
13 silly cache add args [ 'public/js/ttl.js', null ]
14 verbose cache add spec public/js/ttl.js
15 silly cache add parsed spec { raw: 'browserify',
15 silly cache add   scope: null,
15 silly cache add   name: 'browserify',
15 silly cache add   rawSpec: '',
15 silly cache add   spec: '*',
15 silly cache add   type: 'range' }
16 silly addNamed browserify@*
17 verbose addNamed "*" is a valid semver range for browserify
18 silly addNameRange { name: 'browserify', range: '*', hasData: false }
19 silly mapToRegistry name browserify
20 silly mapToRegistry using default registry
21 silly mapToRegistry registry https://registry.npmjs.org/
22 silly mapToRegistry uri https://registry.npmjs.org/browserify
23 verbose addNameRange registry:https://registry.npmjs.org/browserify not in flight; fetching
24 silly cache add parsed spec { raw: 'lib/validator.js',
24 silly cache add   scope: null,
24 silly cache add   name: null,
24 silly cache add   rawSpec: 'lib/validator.js',
24 silly cache add   spec: 'github:lib/validator.js',
24 silly cache add   type: 'hosted',
24 silly cache add   hosted:
24 silly cache add    { type: 'github',
24 silly cache add      ssh: 'git@github.com:lib/validator.js.git',
24 silly cache add      sshUrl: 'git+ssh://git@github.com/lib/validator.js.git',
24 silly cache add      httpsUrl: 'git+https://github.com/lib/validator.js.git',
24 silly cache add      gitUrl: 'git://github.com/lib/validator.js.git',
24 silly cache add      shortcut: 'github:lib/validator.js',
24 silly cache add      directUrl: 'https://raw.githubusercontent.com/lib/validator.js/master/package.json' } }
25 verbose addRemoteGit caching lib/validator.js
26 verbose addRemoteGit lib/validator.js is a repository hosted by github
27 silly tryGitProto attempting to clone git://github.com/lib/validator.js.git
28 silly tryClone cloning lib/validator.js via git://github.com/lib/validator.js.git
29 verbose tryClone git-github-com-lib-validator-js-git-a5acb6eb not in flight; caching
30 silly cache add parsed spec { raw: 'public/js/ttl.js',
30 silly cache add   scope: null,
30 silly cache add   name: null,
30 silly cache add   rawSpec: 'public/js/ttl.js',
30 silly cache add   spec: '/Users/brayden/Documents/web_code/convert/public/js/ttl.js',
30 silly cache add   type: 'local' }
31 error addLocal Could not install /Users/brayden/Documents/web_code/convert/public/js/ttl.js
32 verbose request uri https://registry.npmjs.org/browserify
33 verbose request no auth needed
34 info attempt registry request try #1 at 14:26:58
35 verbose request id af960fb0725f34d2
36 verbose etag "AQT7S4IECMN4K8GW80HQLJU6F"
37 http request GET https://registry.npmjs.org/browserify
38 info git [ 'clone',
38 info git   '--template=/Users/brayden/.npm/_git-remotes/_templates',
38 info git   '--mirror',
38 info git   'git://github.com/lib/validator.js.git',
38 info git   '/Users/brayden/.npm/_git-remotes/git-github-com-lib-validator-js-git-a5acb6eb' ]
39 http 304 https://registry.npmjs.org/browserify
40 silly get cb [ 304,
40 silly get   { date: 'Mon, 10 Aug 2015 21:26:58 GMT',
40 silly get     via: '1.1 varnish',
40 silly get     'cache-control': 'max-age=60',
40 silly get     etag: '"AQT7S4IECMN4K8GW80HQLJU6F"',
40 silly get     age: '37',
40 silly get     connection: 'keep-alive',
40 silly get     'x-served-by': 'cache-lax1420-LAX',
40 silly get     'x-cache': 'HIT',
40 silly get     'x-cache-hits': '1',
40 silly get     'x-timer': 'S1439242018.454714,VS0,VE6',
40 silly get     vary: 'Accept' } ]
41 verbose etag https://registry.npmjs.org/browserify from cache
42 verbose get saving browserify to /Users/brayden/.npm/registry.npmjs.org/browserify/.cache.json
43 silly addNameRange number 2 { name: 'browserify', range: '*', hasData: true }
44 silly addNameRange versions [ 'browserify',
44 silly addNameRange   [ '0.0.1',
44 silly addNameRange     '0.0.2',
44 silly addNameRange     '0.0.3',
44 silly addNameRange     '0.0.4',
44 silly addNameRange     '0.0.5',
44 silly addNameRange     '0.1.0',
44 silly addNameRange     '0.1.1',
44 silly addNameRange     '0.1.2',
44 silly addNameRange     '0.1.3',
44 silly addNameRange     '0.1.4',
44 silly addNameRange     '0.1.5',
44 silly addNameRange     '0.2.0',
44 silly addNameRange     '0.2.1',
44 silly addNameRange     '0.2.2',
44 silly addNameRange     '0.2.3',
44 silly addNameRange     '0.2.4',
44 silly addNameRange     '0.2.5',
44 silly addNameRange     '0.2.6',
44 silly addNameRange     '0.2.7',
44 silly addNameRange     '0.2.8',
44 silly addNameRange     '0.2.9',
44 silly addNameRange     '0.2.10',
44 silly addNameRange     '0.2.11',
44 silly addNameRange     '0.3.0',
44 silly addNameRange     '0.3.1',
44 silly addNameRange     '0.3.2',
44 silly addNameRange     '0.3.3',
44 silly addNameRange     '0.3.4',
44 silly addNameRange     '0.3.5',
44 silly addNameRange     '0.3.6',
44 silly addNameRange     '0.3.7',
44 silly addNameRange     '0.4.0',
44 silly addNameRange     '0.4.1',
44 silly addNameRange     '0.4.2',
44 silly addNameRange     '0.4.3',
44 silly addNameRange     '0.4.4',
44 silly addNameRange     '0.4.5',
44 silly addNameRange     '0.4.6',
44 silly addNameRange     '0.4.7',
44 silly addNameRange     '0.4.8',
44 silly addNameRange     '0.4.9',
44 silly addNameRange     '0.4.10',
44 silly addNameRange     '0.4.11',
44 silly addNameRange     '0.4.12',
44 silly addNameRange     '0.4.13',
44 silly addNameRange     '0.4.14',
44 silly addNameRange     '0.4.15',
44 silly addNameRange     '0.5.0',
44 silly addNameRange     '0.5.1',
44 silly addNameRange     '0.5.2',
44 silly addNameRange     '1.0.0',
44 silly addNameRange     '1.1.0',
44 silly addNameRange     '1.1.1',
44 silly addNameRange     '1.1.2',
44 silly addNameRange     '1.1.3',
44 silly addNameRange     '1.1.4',
44 silly addNameRange     '1.2.0',
44 silly addNameRange     '1.2.1',
44 silly addNameRange     '1.2.2',
44 silly addNameRange     '1.2.3',
44 silly addNameRange     '1.2.4',
44 silly addNameRange     '1.2.5',
44 silly addNameRange     '1.2.6',
44 silly addNameRange     '1.2.7',
44 silly addNameRange     '1.2.8',
44 silly addNameRange     '1.2.9',
44 silly addNameRange     '1.3.0',
44 silly addNameRange     '1.4.0',
44 silly addNameRange     '1.4.1',
44 silly addNameRange     '1.4.2',
44 silly addNameRange     '1.4.3',
44 silly addNameRange     '1.4.4',
44 silly addNameRange     '1.4.5',
44 silly addNameRange     '1.4.6',
44 silly addNameRange     '1.4.7',
44 silly addNameRange     '1.4.8',
44 silly addNameRange     '1.5.0',
44 silly addNameRange     '1.6.0',
44 silly addNameRange     '1.6.1',
44 silly addNameRange     '1.7.0',
44 silly addNameRange     '1.7.1',
44 silly addNameRange     '1.7.2',
44 silly addNameRange     '1.7.3',
44 silly addNameRange     '1.7.4',
44 silly addNameRange     '1.7.5',
44 silly addNameRange     '1.7.6',
44 silly addNameRange     '1.7.7',
44 silly addNameRange     '1.8.0',
44 silly addNameRange     '1.8.1',
44 silly addNameRange     '1.8.2',
44 silly addNameRange     '1.8.3',
44 silly addNameRange     '1.9.0',
44 silly addNameRange     '1.9.1',
44 silly addNameRange     '1.9.2',
44 silly addNameRange     '1.9.3',
44 silly addNameRange     '1.9.4',
44 silly addNameRange     '1.10.0',
44 silly addNameRange     '1.10.1',
44 silly addNameRange     '1.10.2',
44 silly addNameRange     '1.10.3',
44 silly addNameRange     '1.10.4',
44 silly addNameRange     '1.10.5',
44 silly addNameRange     '1.10.6',
44 silly addNameRange     '1.10.7',
44 silly addNameRange     '1.10.8',
44 silly addNameRange     '1.10.9',
44 silly addNameRange     '1.10.11',
44 silly addNameRange     '1.10.12',
44 silly addNameRange     '1.10.13',
44 silly addNameRange     '1.10.14',
44 silly addNameRange     '1.10.15',
44 silly addNameRange     '1.10.16',
44 silly addNameRange     '1.10.17',
44 silly addNameRange     '1.11.0',
44 silly addNameRange     '1.11.1',
44 silly addNameRange     '1.12.0',
44 silly addNameRange     '1.12.1',
44 silly addNameRange     '1.12.2',
44 silly addNameRange     '1.12.3',
44 silly addNameRange     '1.13.0',
44 silly addNameRange     '1.13.1',
44 silly addNameRange     '1.13.2',
44 silly addNameRange     '1.13.3',
44 silly addNameRange     '1.13.4',
44 silly addNameRange     '1.13.5',
44 silly addNameRange     '1.13.6',
44 silly addNameRange     '1.13.8',
44 silly addNameRange     '1.13.9',
44 silly addNameRange     '1.13.10',
44 silly addNameRange     '1.14.0',
44 silly addNameRange     '1.14.1',
44 silly addNameRange     '1.14.2',
44 silly addNameRange     '1.14.3',
44 silly addNameRange     '1.14.4',
44 silly addNameRange     '1.14.5',
44 silly addNameRange     '1.15.0',
44 silly addNameRange     '1.15.1',
44 silly addNameRange     '1.15.2',
44 silly addNameRange     '1.15.3',
44 silly addNameRange     '1.15.4',
44 silly addNameRange     '1.15.5',
44 silly addNameRange     '1.15.6',
44 silly addNameRange     '1.16.0',
44 silly addNameRange     '1.16.1',
44 silly addNameRange     '1.16.2',
44 silly addNameRange     '1.16.3',
44 silly addNameRange     '1.16.4',
44 silly addNameRange     '1.16.5',
44 silly addNameRange     '1.16.6',
44 silly addNameRange     '1.16.7',
44 silly addNameRange     '1.16.8',
44 silly addNameRange     '1.17.0',
44 silly addNameRange     '1.17.1',
44 silly addNameRange     '1.17.2',
44 silly addNameRange     '1.17.3',
44 silly addNameRange     '1.18.0',
44 silly addNameRange     '2.0.0',
44 silly addNameRange     '2.0.1',
44 silly addNameRange     '2.1.0',
44 silly addNameRange     '2.2.0',
44 silly addNameRange     '2.2.1',
44 silly addNameRange     '2.2.2',
44 silly addNameRange     '2.2.3',
44 silly addNameRange     '2.2.4',
44 silly addNameRange     '2.2.5',
44 silly addNameRange     '2.2.6',
44 silly addNameRange     '2.3.0',
44 silly addNameRange     '2.3.1',
44 silly addNameRange     '2.4.0',
44 silly addNameRange     '2.4.1',
44 silly addNameRange     '2.4.2',
44 silly addNameRange     '2.4.3',
44 silly addNameRange     '2.5.0',
44 silly addNameRange     '2.5.1',
44 silly addNameRange     '2.6.0',
44 silly addNameRange     '2.6.1',
44 silly addNameRange     '2.7.0',
44 silly addNameRange     '2.7.1',
44 silly addNameRange     '2.7.2',
44 silly addNameRange     '2.7.3',
44 silly addNameRange     '2.7.4',
44 silly addNameRange     '2.8.0',
44 silly addNameRange     '2.8.1',
44 silly addNameRange     '2.9.0',
44 silly addNameRange     '2.10.0',
44 silly addNameRange     '2.10.1',
44 silly addNameRange     '2.10.2',
44 silly addNameRange     '2.11.0',
44 silly addNameRange     '2.12.0',
44 silly addNameRange     '2.12.1',
44 silly addNameRange     '2.12.2',
44 silly addNameRange     '2.12.3',
44 silly addNameRange     '2.12.4',
44 silly addNameRange     '2.12.5',
44 silly addNameRange     '2.13.0',
44 silly addNameRange     '2.13.1',
44 silly addNameRange     '2.13.2',
44 silly addNameRange     '2.13.3',
44 silly addNameRange     '2.14.0',
44 silly addNameRange     '2.14.1',
44 silly addNameRange     '2.14.2',
44 silly addNameRange     '2.15.0',
44 silly addNameRange     '2.16.0',
44 silly addNameRange     '2.17.0',
44 silly addNameRange     '2.17.1',
44 silly addNameRange     '2.17.2',
44 silly addNameRange     '2.17.3',
44 silly addNameRange     '2.17.4',
44 silly addNameRange     '2.18.0',
44 silly addNameRange     '2.18.1',
44 silly addNameRange     '2.19.0',
44 silly addNameRange     '2.20.0',
44 silly addNameRange     '2.20.1',
44 silly addNameRange     '2.20.2',
44 silly addNameRange     '2.21.0',
44 silly addNameRange     '2.22.0',
44 silly addNameRange     '2.23.0',
44 silly addNameRange     '2.23.1',
44 silly addNameRange     '2.24.0',
44 silly addNameRange     '2.24.1',
44 silly addNameRange     '2.24.2',
44 silly addNameRange     '2.24.3',
44 silly addNameRange     '2.25.0',
44 silly addNameRange     '2.25.1',
44 silly addNameRange     '2.26.0',
44 silly addNameRange     '2.27.0',
44 silly addNameRange     '2.27.1',
44 silly addNameRange     '2.28.0',
44 silly addNameRange     '2.29.0',
44 silly addNameRange     '2.29.1',
44 silly addNameRange     '2.30.0',
44 silly addNameRange     '2.31.0',
44 silly addNameRange     '2.32.0',
44 silly addNameRange     '2.32.1',
44 silly addNameRange     '2.32.2',
44 silly addNameRange     '2.32.3',
44 silly addNameRange     '2.32.4',
44 silly addNameRange     '2.33.0',
44 silly addNameRange     '2.33.1',
44 silly addNameRange     '2.34.0',
44 silly addNameRange     '2.34.1',
44 silly addNameRange     '2.34.2',
44 silly addNameRange     '2.34.3',
44 silly addNameRange     '2.35.0',
44 silly addNameRange     '2.35.1',
44 silly addNameRange     '2.35.2',
44 silly addNameRange     '2.35.3',
44 silly addNameRange     '2.35.4',
44 silly addNameRange     '2.36.0',
44 silly addNameRange     '2.36.1',
44 silly addNameRange     '3.0.0',
44 silly addNameRange     '3.1.0',
44 silly addNameRange     '3.1.1',
44 silly addNameRange     '3.1.2',
44 silly addNameRange     '3.1.3',
44 silly addNameRange     '3.2.0',
44 silly addNameRange     '3.2.1',
44 silly addNameRange     '3.2.2',
44 silly addNameRange     '3.3.0',
44 silly addNameRange     '3.4.0',
44 silly addNameRange     '3.4.1',
44 silly addNameRange     '3.5.0',
44 silly addNameRange     '3.6.0',
44 silly addNameRange     '3.7.0',
44 silly addNameRange     '3.8.0',
44 silly addNameRange     '3.8.1',
44 silly addNameRange     '3.9.0',
44 silly addNameRange     '3.9.1',
44 silly addNameRange     '3.10.0',
44 silly addNameRange     '3.11.0',
44 silly addNameRange     '3.11.1',
44 silly addNameRange     '3.12.0',
44 silly addNameRange     '3.13.0',
44 silly addNameRange     '3.14.0',
44 silly addNameRange     '3.14.1',
44 silly addNameRange     '3.16.0',
44 silly addNameRange     '3.16.1',
44 silly addNameRange     '3.17.0',
44 silly addNameRange     '3.18.0',
44 silly addNameRange     '3.19.0',
44 silly addNameRange     '3.19.1',
44 silly addNameRange     '3.20.0',
44 silly addNameRange     '3.20.1',
44 silly addNameRange     '3.20.2',
44 silly addNameRange     '3.21.0',
44 silly addNameRange     '3.21.1',
44 silly addNameRange     '3.22.0',
44 silly addNameRange     '3.22.1',
44 silly addNameRange     '3.23.0',
44 silly addNameRange     '3.23.1',
44 silly addNameRange     '3.24.0',
44 silly addNameRange     '3.24.1',
44 silly addNameRange     '3.24.2',
44 silly addNameRange     '3.24.3',
44 silly addNameRange     '3.24.4',
44 silly addNameRange     '3.24.5',
44 silly addNameRange     '3.24.6',
44 silly addNameRange     '3.24.7',
44 silly addNameRange     '3.24.8',
44 silly addNameRange     '3.24.9',
44 silly addNameRange     '3.24.10',
44 silly addNameRange     '3.24.11',
44 silly addNameRange     '3.24.13',
44 silly addNameRange     '3.25.0',
44 silly addNameRange     '3.25.1',
44 silly addNameRange     '3.25.2',
44 silly addNameRange     '3.26.0',
44 silly addNameRange     '3.27.0',
44 silly addNameRange     '3.27.1',
44 silly addNameRange     '3.28.0',
44 silly addNameRange     '3.28.1',
44 silly addNameRange     '3.28.2',
44 silly addNameRange     '3.29.0',
44 silly addNameRange     '3.29.1',
44 silly addNameRange     '3.30.0',
44 silly addNameRange     '3.30.1',
44 silly addNameRange     '3.30.2',
44 silly addNameRange     '3.30.3',
44 silly addNameRange     '3.30.4',
44 silly addNameRange     '3.31.0',
44 silly addNameRange     '3.31.1',
44 silly addNameRange     '3.31.2',
44 silly addNameRange     '3.32.0',
44 silly addNameRange     '3.32.1',
44 silly addNameRange     '3.33.0',
44 silly addNameRange     '3.33.1',
44 silly addNameRange     '3.34.0',
44 silly addNameRange     '3.35.0',
44 silly addNameRange     '3.36.0',
44 silly addNameRange     '3.36.1',
44 silly addNameRange     '3.37.0',
44 silly addNameRange     '3.37.1',
44 silly addNameRange     '3.37.2',
44 silly addNameRange     '3.38.0',
44 silly addNameRange     '3.38.1',
44 silly addNameRange     '3.39.0',
44 silly addNameRange     '3.40.0',
44 silly addNameRange     '3.40.1',
44 silly addNameRange     '3.40.2',
44 silly addNameRange     '3.40.3',
44 silly addNameRange     '3.40.4',
44 silly addNameRange     '3.41.0',
44 silly addNameRange     '3.42.0',
44 silly addNameRange     '3.43.0',
44 silly addNameRange     '3.44.0',
44 silly addNameRange     '3.44.1',
44 silly addNameRange     '3.44.2',
44 silly addNameRange     '3.45.0',
44 silly addNameRange     '3.46.0',
44 silly addNameRange     '3.46.1',
44 silly addNameRange     '4.0.0',
44 silly addNameRange     '4.1.0',
44 silly addNameRange     '4.1.1',
44 silly addNameRange     '4.1.2',
44 silly addNameRange     '4.1.3',
44 silly addNameRange     '4.1.4',
44 silly addNameRange     '4.1.5',
44 silly addNameRange     '4.1.6',
44 silly addNameRange     '4.1.7',
44 silly addNameRange     '4.1.8',
44 silly addNameRange     '4.1.9',
44 silly addNameRange     '4.1.10',
44 silly addNameRange     '4.1.11',
44 silly addNameRange     '4.2.0',
44 silly addNameRange     '4.2.1',
44 silly addNameRange     '4.2.2',
44 silly addNameRange     '4.2.3',
44 silly addNameRange     '5.0.0',
44 silly addNameRange     '5.0.1',
44 silly addNameRange     '5.0.2',
44 silly addNameRange     '5.0.3',
44 silly addNameRange     '5.0.4',
44 silly addNameRange     '5.0.5',
44 silly addNameRange     '5.0.6',
44 silly addNameRange     '5.0.7',
44 silly addNameRange     '5.0.8',
44 silly addNameRange     '5.1.0',
44 silly addNameRange     '5.1.1',
44 silly addNameRange     '5.2.0',
44 silly addNameRange     '5.2.1',
44 silly addNameRange     '5.3.0',
44 silly addNameRange     '5.4.0',
44 silly addNameRange     '5.4.1',
44 silly addNameRange     '5.4.2',
44 silly addNameRange     '5.5.0',
44 silly addNameRange     '5.6.0',
44 silly addNameRange     '5.6.1',
44 silly addNameRange     '5.7.0',
44 silly addNameRange     '5.8.0',
44 silly addNameRange     '5.9.0',
44 silly addNameRange     '5.9.1',
44 silly addNameRange     '5.9.2',
44 silly addNameRange     '5.9.3',
44 silly addNameRange     '5.10.0',
44 silly addNameRange     '5.10.1',
44 silly addNameRange     '5.11.0',
44 silly addNameRange     '5.11.1',
44 silly addNameRange     '5.11.2',
44 silly addNameRange     '5.12.0',
44 silly addNameRange     '5.12.1',
44 silly addNameRange     '5.12.2',
44 silly addNameRange     '5.13.0',
44 silly addNameRange     '5.13.1',
44 silly addNameRange     '6.0.0',
44 silly addNameRange     '6.0.1',
44 silly addNameRange     '6.0.2',
44 silly addNameRange     '6.0.3',
44 silly addNameRange     '6.1.0',
44 silly addNameRange     '6.1.1',
44 silly addNameRange     '6.1.2',
44 silly addNameRange     '6.2.0',
44 silly addNameRange     '6.3.0',
44 silly addNameRange     '6.3.1',
44 silly addNameRange     '6.3.2',
44 silly addNameRange     '6.3.3',
44 silly addNameRange     '6.3.4',
44 silly addNameRange     '7.0.0',
44 silly addNameRange     '7.0.1',
44 silly addNameRange     '7.0.2',
44 silly addNameRange     '7.0.3',
44 silly addNameRange     '7.1.0',
44 silly addNameRange     '8.0.0',
44 silly addNameRange     '8.0.1',
44 silly addNameRange     '8.0.2',
44 silly addNameRange     '8.0.3',
44 silly addNameRange     '8.1.0',
44 silly addNameRange     '8.1.1',
44 silly addNameRange     '8.1.2',
44 silly addNameRange     '8.1.3',
44 silly addNameRange     '9.0.0',
44 silly addNameRange     '9.0.1',
44 silly addNameRange     '9.0.2',
44 silly addNameRange     '9.0.3',
44 silly addNameRange     '9.0.4',
44 silly addNameRange     '9.0.5',
44 silly addNameRange     '9.0.6',
44 silly addNameRange     '9.0.7',
44 silly addNameRange     '9.0.8',
44 silly addNameRange     '10.0.0',
44 silly addNameRange     '10.1.0',
44 silly addNameRange     '10.1.1',
44 silly addNameRange     '10.1.2',
44 silly addNameRange     '10.1.3',
44 silly addNameRange     '10.2.0',
44 silly addNameRange     '10.2.1',
44 silly addNameRange     '10.2.3',
44 silly addNameRange     '10.2.4',
44 silly addNameRange     '10.2.5',
44 silly addNameRange     '10.2.6',
44 silly addNameRange     '11.0.0',
44 silly addNameRange     '11.0.1' ] ]
45 silly addNamed browserify@11.0.1
46 verbose addNamed "11.0.1" is a plain semver version for browserify
47 silly cache afterAdd browserify@11.0.1
48 verbose afterAdd /Users/brayden/.npm/browserify/11.0.1/package/package.json not in flight; writing
49 verbose afterAdd /Users/brayden/.npm/browserify/11.0.1/package/package.json written
50 verbose git clone --template=/Users/brayden/.npm/_git-remotes/_templates --mirror git://github.com/lib/validator.js.git /Users/brayden/.npm/_git-remotes/git-github-com-lib-validator-js-git-a5acb6eb: Cloning into bare repository '/Users/brayden/.npm/_git-remotes/git-github-com-lib-validator-js-git-a5acb6eb'...
50 verbose git clone --template=/Users/brayden/.npm/_git-remotes/_templates --mirror git://github.com/lib/validator.js.git /Users/brayden/.npm/_git-remotes/git-github-com-lib-validator-js-git-a5acb6eb: fatal: remote error:
50 verbose git clone --template=/Users/brayden/.npm/_git-remotes/_templates --mirror git://github.com/lib/validator.js.git /Users/brayden/.npm/_git-remotes/git-github-com-lib-validator-js-git-a5acb6eb:   Repository not found.
51 silly tryHTTPS attempting to clone git+https://github.com/lib/validator.js.git
52 silly tryClone cloning lib/validator.js via git+https://github.com/lib/validator.js.git
53 verbose tryClone https-github-com-lib-validator-js-git-b879b19c not in flight; caching
54 info git [ 'clone',
54 info git   '--template=/Users/brayden/.npm/_git-remotes/_templates',
54 info git   '--mirror',
54 info git   'https://github.com/lib/validator.js.git',
54 info git   '/Users/brayden/.npm/_git-remotes/https-github-com-lib-validator-js-git-b879b19c' ]
55 verbose git clone --template=/Users/brayden/.npm/_git-remotes/_templates --mirror https://github.com/lib/validator.js.git /Users/brayden/.npm/_git-remotes/https-github-com-lib-validator-js-git-b879b19c: Cloning into bare repository '/Users/brayden/.npm/_git-remotes/https-github-com-lib-validator-js-git-b879b19c'...
55 verbose git clone --template=/Users/brayden/.npm/_git-remotes/_templates --mirror https://github.com/lib/validator.js.git /Users/brayden/.npm/_git-remotes/https-github-com-lib-validator-js-git-b879b19c: remote: Repository not found.
55 verbose git clone --template=/Users/brayden/.npm/_git-remotes/_templates --mirror https://github.com/lib/validator.js.git /Users/brayden/.npm/_git-remotes/https-github-com-lib-validator-js-git-b879b19c: fatal: repository 'https://github.com/lib/validator.js.git/' not found
56 silly trySSH attempting to clone git@github.com:lib/validator.js.git
57 silly tryClone cloning lib/validator.js via git@github.com:lib/validator.js.git
58 verbose tryClone git-github-com-lib-validator-js-git-5af18a96 not in flight; caching
59 info git [ 'clone',
59 info git   '--template=/Users/brayden/.npm/_git-remotes/_templates',
59 info git   '--mirror',
59 info git   'git@github.com:lib/validator.js.git',
59 info git   '/Users/brayden/.npm/_git-remotes/git-github-com-lib-validator-js-git-5af18a96' ]
60 error git clone --template=/Users/brayden/.npm/_git-remotes/_templates --mirror git@github.com:lib/validator.js.git /Users/brayden/.npm/_git-remotes/git-github-com-lib-validator-js-git-5af18a96: Cloning into bare repository '/Users/brayden/.npm/_git-remotes/git-github-com-lib-validator-js-git-5af18a96'...
60 error git clone --template=/Users/brayden/.npm/_git-remotes/_templates --mirror git@github.com:lib/validator.js.git /Users/brayden/.npm/_git-remotes/git-github-com-lib-validator-js-git-5af18a96: Warning: Permanently added 'github.com,192.30.252.128' (RSA) to the list of known hosts.
60 error git clone --template=/Users/brayden/.npm/_git-remotes/_templates --mirror git@github.com:lib/validator.js.git /Users/brayden/.npm/_git-remotes/git-github-com-lib-validator-js-git-5af18a96: Permission denied (publickey).
60 error git clone --template=/Users/brayden/.npm/_git-remotes/_templates --mirror git@github.com:lib/validator.js.git /Users/brayden/.npm/_git-remotes/git-github-com-lib-validator-js-git-5af18a96: fatal: Could not read from remote repository.
60 error git clone --template=/Users/brayden/.npm/_git-remotes/_templates --mirror git@github.com:lib/validator.js.git /Users/brayden/.npm/_git-remotes/git-github-com-lib-validator-js-git-5af18a96:
60 error git clone --template=/Users/brayden/.npm/_git-remotes/_templates --mirror git@github.com:lib/validator.js.git /Users/brayden/.npm/_git-remotes/git-github-com-lib-validator-js-git-5af18a96: Please make sure you have the correct access rights
60 error git clone --template=/Users/brayden/.npm/_git-remotes/_templates --mirror git@github.com:lib/validator.js.git /Users/brayden/.npm/_git-remotes/git-github-com-lib-validator-js-git-5af18a96: and the repository exists.
61 verbose stack Error: ENOENT, open '/Users/brayden/Documents/web_code/convert/public/js/ttl.js'
61 verbose stack     at Error (native)
62 verbose cwd /Users/brayden/Documents/web_code/convert
63 error Darwin 14.3.0
64 error argv "node" "/usr/local/bin/npm" "install" "browserify" "lib/validator.js" "-o" "public/js/ttl.js"
65 error node v0.12.6
66 error npm  v2.12.1
67 error path /Users/brayden/Documents/web_code/convert/public/js/ttl.js
68 error code ENOENT
69 error errno -2
70 error enoent ENOENT, open '/Users/brayden/Documents/web_code/convert/public/js/ttl.js'
70 error enoent This is most likely not a problem with npm itself
70 error enoent and is related to npm not being able to find a file.
71 verbose exit [ -2, true ]
